<?xml version="1.0" encoding="UTF-8"?>
<testng-results skipped="0" failed="0" total="1" passed="1">
  <reporter-output>
  </reporter-output>
  <suite name="Default suite" duration-ms="47" started-at="2018-11-22T21:04:33Z" finished-at="2018-11-22T21:04:33Z">
    <groups>
    </groups>
    <test name="Default test" duration-ms="47" started-at="2018-11-22T21:04:33Z" finished-at="2018-11-22T21:04:33Z">
      <class name="com.filetest.Test1">
        <test-method status="PASS" signature="ValidateFileformat()[pri:0, instance:com.filetest.Test1@13c78c0b]" name="ValidateFileformat" duration-ms="16" started-at="2018-11-22T15:04:33Z" finished-at="2018-11-22T15:04:33Z">
          <reporter-output>
          </reporter-output>
        </test-method> <!-- ValidateFileformat -->
      </class> <!-- com.filetest.Test1 -->
    </test> <!-- Default test -->
  </suite> <!-- Default suite -->
</testng-results>
